C:\USERS\117006\DOCUMENTS\VISUAL STUDIO 2012\PROJECTS\LAB_STACK_QUEUE\LAB_STACK_QUEUE\DEBUG\LAB_STACK_QUEUE.PCH
C:\USERS\117006\DOCUMENTS\VISUAL STUDIO 2012\PROJECTS\LAB_STACK_QUEUE\LAB_STACK_QUEUE\DEBUG\STDAFX.OBJ
C:\USERS\117006\DOCUMENTS\VISUAL STUDIO 2012\PROJECTS\LAB_STACK_QUEUE\LAB_STACK_QUEUE\DEBUG\VC110.PDB
C:\USERS\117006\DOCUMENTS\VISUAL STUDIO 2012\PROJECTS\LAB_STACK_QUEUE\LAB_STACK_QUEUE\DEBUG\LAB_STACK_QUEUE.OBJ
C:\USERS\117006\DOCUMENTS\VISUAL STUDIO 2012\PROJECTS\LAB_STACK_QUEUE\LAB_STACK_QUEUE\DEBUG\STACK.OBJ
C:\USERS\117006\DOCUMENTS\VISUAL STUDIO 2012\PROJECTS\LAB_STACK_QUEUE\DEBUG\LAB_STACK_QUEUE.ILK
C:\USERS\117006\DOCUMENTS\VISUAL STUDIO 2012\PROJECTS\LAB_STACK_QUEUE\DEBUG\LAB_STACK_QUEUE.EXE
C:\USERS\117006\DOCUMENTS\VISUAL STUDIO 2012\PROJECTS\LAB_STACK_QUEUE\DEBUG\LAB_STACK_QUEUE.PDB
C:\Users\117006\Documents\Visual Studio 2012\Projects\Lab_stack_queue\Lab_stack_queue\Debug\Lab_stack_queue.obj
C:\Users\117006\Documents\Visual Studio 2012\Projects\Lab_stack_queue\Lab_stack_queue\Debug\Stack.obj
C:\Users\117006\Documents\Visual Studio 2012\Projects\Lab_stack_queue\Lab_stack_queue\Debug\stdafx.obj
C:\Users\117006\Documents\Visual Studio 2012\Projects\Lab_stack_queue\Lab_stack_queue\Debug\cl.command.1.tlog
C:\Users\117006\Documents\Visual Studio 2012\Projects\Lab_stack_queue\Lab_stack_queue\Debug\CL.read.1.tlog
C:\Users\117006\Documents\Visual Studio 2012\Projects\Lab_stack_queue\Lab_stack_queue\Debug\CL.write.1.tlog
C:\Users\117006\Documents\Visual Studio 2012\Projects\Lab_stack_queue\Lab_stack_queue\Debug\link-cvtres.read.1.tlog
C:\Users\117006\Documents\Visual Studio 2012\Projects\Lab_stack_queue\Lab_stack_queue\Debug\link-cvtres.write.1.tlog
C:\Users\117006\Documents\Visual Studio 2012\Projects\Lab_stack_queue\Lab_stack_queue\Debug\link-rc.read.1.tlog
C:\Users\117006\Documents\Visual Studio 2012\Projects\Lab_stack_queue\Lab_stack_queue\Debug\link-rc.write.1.tlog
C:\Users\117006\Documents\Visual Studio 2012\Projects\Lab_stack_queue\Lab_stack_queue\Debug\link.7052-cvtres.read.1.tlog
C:\Users\117006\Documents\Visual Studio 2012\Projects\Lab_stack_queue\Lab_stack_queue\Debug\link.7052-cvtres.write.1.tlog
C:\Users\117006\Documents\Visual Studio 2012\Projects\Lab_stack_queue\Lab_stack_queue\Debug\link.7052-rc.read.1.tlog
C:\Users\117006\Documents\Visual Studio 2012\Projects\Lab_stack_queue\Lab_stack_queue\Debug\link.7052-rc.write.1.tlog
C:\Users\117006\Documents\Visual Studio 2012\Projects\Lab_stack_queue\Lab_stack_queue\Debug\link.7052.read.1.tlog
C:\Users\117006\Documents\Visual Studio 2012\Projects\Lab_stack_queue\Lab_stack_queue\Debug\link.7052.write.1.tlog
C:\Users\117006\Documents\Visual Studio 2012\Projects\Lab_stack_queue\Lab_stack_queue\Debug\link.command.1.tlog
C:\Users\117006\Documents\Visual Studio 2012\Projects\Lab_stack_queue\Lab_stack_queue\Debug\link.read.1.tlog
C:\Users\117006\Documents\Visual Studio 2012\Projects\Lab_stack_queue\Lab_stack_queue\Debug\link.write.1.tlog
C:\Users\117006\Documents\Visual Studio 2012\Projects\Lab_stack_queue\Lab_stack_queue\Debug\Lab_stack_queue.pch
C:\Users\117006\Documents\Visual Studio 2012\Projects\Lab_stack_queue\Lab_stack_queue\Debug\vc110.idb
C:\Users\117006\Documents\Visual Studio 2012\Projects\Lab_stack_queue\Lab_stack_queue\Debug\vc110.pdb
C:\Users\117006\Documents\Visual Studio 2012\Projects\Lab_stack_queue\Debug\Lab_stack_queue.pdb
C:\Users\117006\Documents\Visual Studio 2012\Projects\Lab_stack_queue\Debug\Lab_stack_queue.exe
C:\Users\117006\Documents\Visual Studio 2012\Projects\Lab_stack_queue\Debug\Lab_stack_queue.ilk
